<?xml version="1.0" encoding="utf-8"?><testsuites name="pytest tests"><testsuite name="pytest" errors="0" failures="0" skipped="0" tests="9" time="5.173" timestamp="2026-05-19T19:13:50.534598+00:00" hostname="agent-env-e7e45705-62b9-4bc4-9460-ccf68fe88e4e"><testcase classname="tests.test_users_filters.TestUsersCreateWithExtras" name="test_create_user_with_extras_persists" time="1.256" /><testcase classname="tests.test_users_filters.TestUsersCreateWithExtras" name="test_create_super_admin_clears_location_and_extras" time="0.434" /><testcase classname="tests.test_users_filters.TestUsersPatchExtras" name="test_patch_extras" time="0.790" /><testcase classname="tests.test_users_filters.TestUsersFilters" name="test_filter_by_role" time="0.097" /><testcase classname="tests.test_users_filters.TestUsersFilters" name="test_search_q_case_insensitive" time="0.097" /><testcase classname="tests.test_users_filters.TestUsersFilters" name="test_sort_name_asc_desc" time="0.264" /><testcase classname="tests.test_users_filters.TestUsersFilters" name="test_filter_by_location_id_super_admin" time="0.653" /><testcase classname="tests.test_users_filters.TestUsersFilters" name="test_filter_by_department" time="0.685" /><testcase classname="tests.test_users_filters.TestUsersScopingNonAdmin" name="test_non_admin_blocked_or_scoped" time="0.830" /></testsuite></testsuites>