<?xml version="1.0" encoding="utf-8"?><testsuites name="pytest tests"><testsuite name="pytest" errors="0" failures="0" skipped="0" tests="12" time="8.040" timestamp="2026-05-19T11:24:13.882184+00:00" hostname="agent-env-e7e45705-62b9-4bc4-9460-ccf68fe88e4e"><testcase classname="backend.tests.test_multi_location.TestLocationsCRUD" name="test_default_location_present_for_super_admin" time="0.673" /><testcase classname="backend.tests.test_multi_location.TestLocationsCRUD" name="test_create_location_super_admin_only" time="0.834" /><testcase classname="backend.tests.test_multi_location.TestLocationsCRUD" name="test_patch_location" time="0.366" /><testcase classname="backend.tests.test_multi_location.TestLocationsCRUD" name="test_delete_refuses_when_room_attached" time="0.655" /><testcase classname="backend.tests.test_multi_location.TestRoomScoping" name="test_rooms_per_location" time="0.912" /><testcase classname="backend.tests.test_multi_location.TestNonAdminScoping" name="test_non_admin_filtered_to_own_location" time="0.344" /><testcase classname="backend.tests.test_multi_location.TestNonAdminScoping" name="test_non_admin_passing_other_location_403" time="0.107" /><testcase classname="backend.tests.test_multi_location.TestKioskRequestInheritsLocation" name="test_create_request_inherits_room_location_ignores_client" time="1.135" /><testcase classname="backend.tests.test_multi_location.TestKioskRequestInheritsLocation" name="test_cross_location_room_and_category_returns_400" time="0.805" /><testcase classname="backend.tests.test_multi_location.TestCrossLocationPatch403" name="test_room_patch_cross_location_403" time="0.356" /><testcase classname="backend.tests.test_multi_location.TestCrossLocationPatch403" name="test_request_status_patch_cross_location_403" time="0.907" /><testcase classname="backend.tests.test_multi_location.TestCategoryAndDeptFilters" name="test_categories_filter_by_location" time="0.864" /></testsuite></testsuites>