<?xml version="1.0" encoding="utf-8"?><testsuites name="pytest tests"><testsuite name="pytest" errors="0" failures="0" skipped="0" tests="77" time="103.046" timestamp="2026-05-19T19:14:00.257632+00:00" hostname="agent-env-e7e45705-62b9-4bc4-9460-ccf68fe88e4e"><testcase classname="tests.test_multi_location.TestLocationsCRUD" name="test_default_location_present_for_super_admin" time="0.520" /><testcase classname="tests.test_multi_location.TestLocationsCRUD" name="test_create_location_super_admin_only" time="0.758" /><testcase classname="tests.test_multi_location.TestLocationsCRUD" name="test_patch_location" time="0.398" /><testcase classname="tests.test_multi_location.TestLocationsCRUD" name="test_delete_refuses_when_room_attached" time="0.627" /><testcase classname="tests.test_multi_location.TestRoomScoping" name="test_rooms_per_location" time="1.084" /><testcase classname="tests.test_multi_location.TestNonAdminScoping" name="test_non_admin_filtered_to_own_location" time="0.371" /><testcase classname="tests.test_multi_location.TestNonAdminScoping" name="test_non_admin_passing_other_location_403" time="0.110" /><testcase classname="tests.test_multi_location.TestKioskRequestInheritsLocation" name="test_create_request_inherits_room_location_ignores_client" time="0.839" /><testcase classname="tests.test_multi_location.TestKioskRequestInheritsLocation" name="test_cross_location_room_and_category_returns_400" time="0.877" /><testcase classname="tests.test_multi_location.TestCrossLocationPatch403" name="test_room_patch_cross_location_403" time="0.394" /><testcase classname="tests.test_multi_location.TestCrossLocationPatch403" name="test_request_status_patch_cross_location_403" time="0.955" /><testcase classname="tests.test_multi_location.TestCategoryAndDeptFilters" name="test_categories_filter_by_location" time="1.003" /><testcase classname="tests.test_smart_workplace.TestAuth" name="test_login_invalid" time="0.109" /><testcase classname="tests.test_smart_workplace.TestAuth" name="test_me_requires_auth" time="0.120" /><testcase classname="tests.test_smart_workplace.TestAuth" name="test_me_with_bearer" time="0.441" /><testcase classname="tests.test_smart_workplace.TestAuth" name="test_login_cookie_set" time="0.407" /><testcase classname="tests.test_smart_workplace.TestDepartments" name="test_list_default_six" time="0.104" /><testcase classname="tests.test_smart_workplace.TestCategories" name="test_list_seeded" time="0.114" /><testcase classname="tests.test_smart_workplace.TestCategories" name="test_create_requires_admin" time="0.439" /><testcase classname="tests.test_smart_workplace.TestCategories" name="test_create_as_admin" time="0.223" /><testcase classname="tests.test_smart_workplace.TestRooms" name="test_list_rooms" time="0.116" /><testcase classname="tests.test_smart_workplace.TestRooms" name="test_room_access_by_pin_public" time="0.152" /><testcase classname="tests.test_smart_workplace.TestRooms" name="test_room_access_invalid_pin" time="0.151" /><testcase classname="tests.test_smart_workplace.TestRooms" name="test_create_room_admin" time="0.120" /><testcase classname="tests.test_smart_workplace.TestRooms" name="test_regenerate_pin" time="0.122" /><testcase classname="tests.test_smart_workplace.TestRequests" name="test_create_request_missing_pin_rejected" time="0.119" /><testcase classname="tests.test_smart_workplace.TestRequests" name="test_create_request_wrong_pin_rejected" time="0.110" /><testcase classname="tests.test_smart_workplace.TestRequests" name="test_create_public_request" time="0.130" /><testcase classname="tests.test_smart_workplace.TestRequests" name="test_list_requires_auth" time="0.105" /><testcase classname="tests.test_smart_workplace.TestRequests" name="test_list_admin_sees_all" time="0.138" /><testcase classname="tests.test_smart_workplace.TestRequests" name="test_status_pipeline" time="0.640" /><testcase classname="tests.test_smart_workplace.TestRouting" name="test_upsert_routing" time="0.274" /><testcase classname="tests.test_smart_workplace.TestUsers" name="test_non_admin_blocked" time="0.122" /><testcase classname="tests.test_smart_workplace.TestUsers" name="test_admin_create_user" time="0.723" /><testcase classname="tests.test_smart_workplace.TestAnalytics" name="test_overview" time="0.125" /><testcase classname="tests.test_smart_workplace.TestAnalytics" name="test_csv_export" time="0.108" /><testcase classname="tests.test_smart_workplace.TestSocketIO" name="test_socketio_handshake" time="0.118" /><testcase classname="tests.test_smart_workplace.TestStatusTransitionValidation" name="test_illegal_transition_blocked_for_non_admin" time="0.259" /><testcase classname="tests.test_smart_workplace.TestStatusTransitionValidation" name="test_legal_transitions_pipeline" time="0.698" /><testcase classname="tests.test_smart_workplace.TestStatusTransitionValidation" name="test_admin_can_bypass_transitions" time="0.235" /><testcase classname="tests.test_smart_workplace.TestAnalyticsScoping" name="test_admin_sees_all" time="0.138" /><testcase classname="tests.test_smart_workplace.TestAnalyticsScoping" name="test_non_admin_dept_scoped" time="0.454" /><testcase classname="tests.test_smart_workplace.TestDepartmentPatch" name="test_patch_dept" time="0.226" /><testcase classname="tests.test_smart_workplace.TestVisitors" name="test_list_requires_auth" time="0.151" /><testcase classname="tests.test_smart_workplace.TestVisitors" name="test_create_visitor_public" time="0.145" /><testcase classname="tests.test_smart_workplace.TestVisitors" name="test_visitor_status_transitions" time="0.337" /><testcase classname="tests.test_smart_workplace.TestVisitors" name="test_list_authenticated" time="0.138" /><testcase classname="tests.test_smart_workplace.TestMenu" name="test_list_menu_public" time="0.119" /><testcase classname="tests.test_smart_workplace.TestMenu" name="test_create_menu_item" time="0.106" /><testcase classname="tests.test_smart_workplace.TestMenu" name="test_toggle_available" time="0.145" /><testcase classname="tests.test_smart_workplace.TestPreorders" name="test_create_preorder_requires_pin" time="0.105" /><testcase classname="tests.test_smart_workplace.TestPreorders" name="test_create_preorder_ok" time="0.116" /><testcase classname="tests.test_smart_workplace.TestPreorders" name="test_preorder_status_pipeline" time="0.371" /><testcase classname="tests.test_smart_workplace.TestPreorders" name="test_preorder_illegal_transition_blocked" time="0.116" /><testcase classname="tests.test_smart_workplace.TestPreorders" name="test_preorder_404_on_unknown_id" time="0.108" /><testcase classname="tests.test_smart_workplace.TestIoT" name="test_iot_command_requires_pin" time="0.113" /><testcase classname="tests.test_smart_workplace.TestIoT" name="test_iot_command_ok" time="0.114" /><testcase classname="tests.test_smart_workplace.TestIoT" name="test_list_commands_authenticated" time="0.113" /><testcase classname="tests.test_smart_workplace.TestIoT" name="test_list_commands_requires_auth" time="0.106" /><testcase classname="tests.test_smart_workplace.TestSettings" name="test_get_requires_admin" time="0.119" /><testcase classname="tests.test_smart_workplace.TestSettings" name="test_patch_and_persist" time="0.265" /><testcase classname="tests.test_smart_workplace.TestEscalationWorker" name="test_stale_request_auto_escalated" time="30.395" /><testcase classname="tests.test_smart_workplace.TestEscalationWorker" name="test_fresh_request_not_escalated" time="35.004" /><testcase classname="tests.test_smart_workplace.TestFailedDispatches" name="test_list_requires_admin" time="0.197" /><testcase classname="tests.test_smart_workplace.TestFailedDispatches" name="test_resolve_404_on_missing_id" time="0.128" /><testcase classname="tests.test_smart_workplace.TestFailedDispatches" name="test_no_failure_when_webhooks_empty" time="1.497" /><testcase classname="tests.test_smart_workplace.TestFailedDispatches" name="test_bogus_slack_records_failure_full_cycle" time="4.211" /><testcase classname="tests.test_smart_workplace.TestFailedDispatches" name="test_clear_bulk_only_resolved_false_wipes_all" time="3.959" /><testcase classname="tests.test_users_filters.TestUsersCreateWithExtras" name="test_create_user_with_extras_persists" time="1.246" /><testcase classname="tests.test_users_filters.TestUsersCreateWithExtras" name="test_create_super_admin_clears_location_and_extras" time="0.450" /><testcase classname="tests.test_users_filters.TestUsersPatchExtras" name="test_patch_extras" time="5.017" /><testcase classname="tests.test_users_filters.TestUsersFilters" name="test_filter_by_role" time="0.163" /><testcase classname="tests.test_users_filters.TestUsersFilters" name="test_search_q_case_insensitive" time="0.110" /><testcase classname="tests.test_users_filters.TestUsersFilters" name="test_sort_name_asc_desc" time="0.240" /><testcase classname="tests.test_users_filters.TestUsersFilters" name="test_filter_by_location_id_super_admin" time="0.704" /><testcase classname="tests.test_users_filters.TestUsersFilters" name="test_filter_by_department" time="0.704" /><testcase classname="tests.test_users_filters.TestUsersScopingNonAdmin" name="test_non_admin_blocked_or_scoped" time="0.863" /></testsuite></testsuites>