<?xml version="1.0" encoding="utf-8"?><testsuites name="pytest tests"><testsuite name="pytest" errors="0" failures="0" skipped="0" tests="56" time="72.854" timestamp="2026-05-18T13:03:33.314554+00:00" hostname="agent-env-e7e45705-62b9-4bc4-9460-ccf68fe88e4e"><testcase classname="tests.test_smart_workplace.TestAuth" name="test_login_invalid" time="0.282" /><testcase classname="tests.test_smart_workplace.TestAuth" name="test_me_requires_auth" time="0.131" /><testcase classname="tests.test_smart_workplace.TestAuth" name="test_me_with_bearer" time="0.476" /><testcase classname="tests.test_smart_workplace.TestAuth" name="test_login_cookie_set" time="0.410" /><testcase classname="tests.test_smart_workplace.TestDepartments" name="test_list_default_six" time="0.106" /><testcase classname="tests.test_smart_workplace.TestCategories" name="test_list_seeded" time="0.108" /><testcase classname="tests.test_smart_workplace.TestCategories" name="test_create_requires_admin" time="0.453" /><testcase classname="tests.test_smart_workplace.TestCategories" name="test_create_as_admin" time="4.813" /><testcase classname="tests.test_smart_workplace.TestRooms" name="test_list_rooms" time="0.167" /><testcase classname="tests.test_smart_workplace.TestRooms" name="test_room_access_by_pin_public" time="0.112" /><testcase classname="tests.test_smart_workplace.TestRooms" name="test_room_access_invalid_pin" time="0.104" /><testcase classname="tests.test_smart_workplace.TestRooms" name="test_create_room_admin" time="0.131" /><testcase classname="tests.test_smart_workplace.TestRooms" name="test_regenerate_pin" time="0.128" /><testcase classname="tests.test_smart_workplace.TestRequests" name="test_create_request_missing_pin_rejected" time="0.116" /><testcase classname="tests.test_smart_workplace.TestRequests" name="test_create_request_wrong_pin_rejected" time="0.115" /><testcase classname="tests.test_smart_workplace.TestRequests" name="test_create_public_request" time="0.542" /><testcase classname="tests.test_smart_workplace.TestRequests" name="test_list_requires_auth" time="0.119" /><testcase classname="tests.test_smart_workplace.TestRequests" name="test_list_admin_sees_all" time="0.129" /><testcase classname="tests.test_smart_workplace.TestRequests" name="test_status_pipeline" time="0.616" /><testcase classname="tests.test_smart_workplace.TestRouting" name="test_upsert_routing" time="0.416" /><testcase classname="tests.test_smart_workplace.TestUsers" name="test_non_admin_blocked" time="0.134" /><testcase classname="tests.test_smart_workplace.TestUsers" name="test_admin_create_user" time="0.696" /><testcase classname="tests.test_smart_workplace.TestAnalytics" name="test_overview" time="0.125" /><testcase classname="tests.test_smart_workplace.TestAnalytics" name="test_csv_export" time="0.116" /><testcase classname="tests.test_smart_workplace.TestSocketIO" name="test_socketio_handshake" time="0.107" /><testcase classname="tests.test_smart_workplace.TestStatusTransitionValidation" name="test_illegal_transition_blocked_for_non_admin" time="0.413" /><testcase classname="tests.test_smart_workplace.TestStatusTransitionValidation" name="test_legal_transitions_pipeline" time="0.796" /><testcase classname="tests.test_smart_workplace.TestStatusTransitionValidation" name="test_admin_can_bypass_transitions" time="0.479" /><testcase classname="tests.test_smart_workplace.TestAnalyticsScoping" name="test_admin_sees_all" time="0.103" /><testcase classname="tests.test_smart_workplace.TestAnalyticsScoping" name="test_non_admin_dept_scoped" time="0.451" /><testcase classname="tests.test_smart_workplace.TestDepartmentPatch" name="test_patch_dept" time="0.242" /><testcase classname="tests.test_smart_workplace.TestVisitors" name="test_list_requires_auth" time="0.104" /><testcase classname="tests.test_smart_workplace.TestVisitors" name="test_create_visitor_public" time="0.384" /><testcase classname="tests.test_smart_workplace.TestVisitors" name="test_visitor_status_transitions" time="6.517" /><testcase classname="tests.test_smart_workplace.TestVisitors" name="test_list_authenticated" time="0.154" /><testcase classname="tests.test_smart_workplace.TestMenu" name="test_list_menu_public" time="0.109" /><testcase classname="tests.test_smart_workplace.TestMenu" name="test_create_menu_item" time="0.120" /><testcase classname="tests.test_smart_workplace.TestMenu" name="test_toggle_available" time="0.110" /><testcase classname="tests.test_smart_workplace.TestPreorders" name="test_create_preorder_requires_pin" time="0.104" /><testcase classname="tests.test_smart_workplace.TestPreorders" name="test_create_preorder_ok" time="0.369" /><testcase classname="tests.test_smart_workplace.TestPreorders" name="test_preorder_status_pipeline" time="0.339" /><testcase classname="tests.test_smart_workplace.TestPreorders" name="test_preorder_illegal_transition_blocked" time="0.118" /><testcase classname="tests.test_smart_workplace.TestPreorders" name="test_preorder_404_on_unknown_id" time="0.124" /><testcase classname="tests.test_smart_workplace.TestIoT" name="test_iot_command_requires_pin" time="0.134" /><testcase classname="tests.test_smart_workplace.TestIoT" name="test_iot_command_ok" time="0.131" /><testcase classname="tests.test_smart_workplace.TestIoT" name="test_list_commands_authenticated" time="0.117" /><testcase classname="tests.test_smart_workplace.TestIoT" name="test_list_commands_requires_auth" time="0.115" /><testcase classname="tests.test_smart_workplace.TestSettings" name="test_get_requires_admin" time="0.138" /><testcase classname="tests.test_smart_workplace.TestSettings" name="test_patch_and_persist" time="0.214" /><testcase classname="tests.test_smart_workplace.TestEscalationWorker" name="test_stale_request_auto_escalated" time="5.265" /><testcase classname="tests.test_smart_workplace.TestEscalationWorker" name="test_fresh_request_not_escalated" time="35.006" /><testcase classname="tests.test_smart_workplace.TestFailedDispatches" name="test_list_requires_admin" time="0.243" /><testcase classname="tests.test_smart_workplace.TestFailedDispatches" name="test_resolve_404_on_missing_id" time="0.126" /><testcase classname="tests.test_smart_workplace.TestFailedDispatches" name="test_no_failure_when_webhooks_empty" time="1.519" /><testcase classname="tests.test_smart_workplace.TestFailedDispatches" name="test_bogus_slack_records_failure_full_cycle" time="4.139" /><testcase classname="tests.test_smart_workplace.TestFailedDispatches" name="test_clear_bulk_only_resolved_false_wipes_all" time="3.881" /></testsuite></testsuites>